# JRE version: Java(TM) SE Runtime Environment (8.0_171-b11) (build 1.8.0_171-b11)
# Java VM: Java HotSpot(TM) 64-Bit Server VM (25.171-b11 mixed mode windows-amd64 compressed oops)
Heap:
 PSYoungGen      total 345088K, used 6191K [0x00000000e0980000, 0x00000000fec00000, 0x0000000100000000)
  eden space 325120K, 0% used [0x00000000e0980000,0x00000000e0980000,0x00000000f4700000)
  from space 19968K, 31% used [0x00000000f4700000,0x00000000f4d0bc18,0x00000000f5a80000)
  to   space 19456K, 0% used [0x00000000fd900000,0x00000000fd900000,0x00000000fec00000)
 ParOldGen       total 93696K, used 36214K [0x00000000a1c00000, 0x00000000a7780000, 0x00000000e0980000)
  object space 93696K, 38% used [0x00000000a1c00000,0x00000000a3f5db08,0x00000000a7780000)
 Metaspace       used 60577K, capacity 63700K, committed 63832K, reserved 1103872K
  class space    used 8537K, capacity 9081K, committed 9088K, reserved 1048576K
GC Heap History (10 events):
Event: 4.511 GC heap after
Heap after GC invocations=12 (full 2):
 PSYoungGen      total 254976K, used 0K [0x00000000e0980000, 0x00000000f1a80000, 0x0000000100000000)
  eden space 239104K, 0% used [0x00000000e0980000,0x00000000e0980000,0x00000000ef300000)
  from space 15872K, 0% used [0x00000000f0200000,0x00000000f0200000,0x00000000f1180000)
  to   space 15360K, 0% used [0x00000000ef300000,0x00000000ef300000,0x00000000f0200000)
 ParOldGen       total 70144K, used 23870K [0x00000000a1c00000, 0x00000000a6080000, 0x00000000e0980000)
  object space 70144K, 34% used [0x00000000a1c00000,0x00000000a334f8a8,0x00000000a6080000)
 Metaspace       used 33666K, capacity 35326K, committed 35456K, reserved 1079296K
  class space    used 4514K, capacity 4875K, committed 4992K, reserved 1048576K
}
Event: 6.998 GC heap before
{Heap before GC invocations=13 (full 2):
 PSYoungGen      total 254976K, used 239104K [0x00000000e0980000, 0x00000000f1a80000, 0x0000000100000000)
  eden space 239104K, 100% used [0x00000000e0980000,0x00000000ef300000,0x00000000ef300000)
  from space 15872K, 0% used [0x00000000f0200000,0x00000000f0200000,0x00000000f1180000)
  to   space 15360K, 0% used [0x00000000ef300000,0x00000000ef300000,0x00000000f0200000)
 ParOldGen       total 70144K, used 23870K [0x00000000a1c00000, 0x00000000a6080000, 0x00000000e0980000)
  object space 70144K, 34% used [0x00000000a1c00000,0x00000000a334f8a8,0x00000000a6080000)
 Metaspace       used 51250K, capacity 53846K, committed 54144K, reserved 1095680K
  class space    used 7285K, capacity 7751K, committed 7808K, reserved 1048576K
Event: 7.031 GC heap after
Heap after GC invocations=13 (full 2):
 PSYoungGen      total 254464K, used 15348K [0x00000000e0980000, 0x00000000f7880000, 0x0000000100000000)
  eden space 239104K, 0% used [0x00000000e0980000,0x00000000e0980000,0x00000000ef300000)
  from space 15360K, 99% used [0x00000000ef300000,0x00000000f01fd088,0x00000000f0200000)
  to   space 20992K, 0% used [0x00000000f6400000,0x00000000f6400000,0x00000000f7880000)
 ParOldGen       total 70144K, used 33367K [0x00000000a1c00000, 0x00000000a6080000, 0x00000000e0980000)
  object space 70144K, 47% used [0x00000000a1c00000,0x00000000a3c95e18,0x00000000a6080000)
 Metaspace       used 51250K, capacity 53846K, committed 54144K, reserved 1095680K
  class space    used 7285K, capacity 7751K, committed 7808K, reserved 1048576K
}
Event: 72.749 GC heap before
{Heap before GC invocations=14 (full 2):
 PSYoungGen      total 254464K, used 203684K [0x00000000e0980000, 0x00000000f7880000, 0x0000000100000000)
  eden space 239104K, 78% used [0x00000000e0980000,0x00000000ec16c108,0x00000000ef300000)
  from space 15360K, 99% used [0x00000000ef300000,0x00000000f01fd088,0x00000000f0200000)
  to   space 20992K, 0% used [0x00000000f6400000,0x00000000f6400000,0x00000000f7880000)
 ParOldGen       total 70144K, used 33367K [0x00000000a1c00000, 0x00000000a6080000, 0x00000000e0980000)
  object space 70144K, 47% used [0x00000000a1c00000,0x00000000a3c95e18,0x00000000a6080000)
 Metaspace       used 55856K, capacity 58858K, committed 59096K, reserved 1099776K
  class space    used 7949K, capacity 8445K, committed 8448K, reserved 1048576K
Event: 72.781 GC heap after
Heap after GC invocations=14 (full 2):
 PSYoungGen      total 334336K, used 10050K [0x00000000e0980000, 0x00000000f6e00000, 0x0000000100000000)
  eden space 324096K, 0% used [0x00000000e0980000,0x00000000e0980000,0x00000000f4600000)
  from space 10240K, 98% used [0x00000000f6400000,0x00000000f6dd0a70,0x00000000f6e00000)
  to   space 19968K, 0% used [0x00000000f4700000,0x00000000f4700000,0x00000000f5a80000)
 ParOldGen       total 70144K, used 42691K [0x00000000a1c00000, 0x00000000a6080000, 0x00000000e0980000)
  object space 70144K, 60% used [0x00000000a1c00000,0x00000000a45b0fc8,0x00000000a6080000)
 Metaspace       used 55856K, capacity 58858K, committed 59096K, reserved 1099776K
  class space    used 7949K, capacity 8445K, committed 8448K, reserved 1048576K
}
Event: 72.781 GC heap before
{Heap before GC invocations=15 (full 3):
 PSYoungGen      total 334336K, used 10050K [0x00000000e0980000, 0x00000000f6e00000, 0x0000000100000000)
  eden space 324096K, 0% used [0x00000000e0980000,0x00000000e0980000,0x00000000f4600000)
  from space 10240K, 98% used [0x00000000f6400000,0x00000000f6dd0a70,0x00000000f6e00000)
  to   space 19968K, 0% used [0x00000000f4700000,0x00000000f4700000,0x00000000f5a80000)
 ParOldGen       total 70144K, used 42691K [0x00000000a1c00000, 0x00000000a6080000, 0x00000000e0980000)
  object space 70144K, 60% used [0x00000000a1c00000,0x00000000a45b0fc8,0x00000000a6080000)
 Metaspace       used 55856K, capacity 58858K, committed 59096K, reserved 1099776K
  class space    used 7949K, capacity 8445K, committed 8448K, reserved 1048576K
Event: 73.003 GC heap after
Heap after GC invocations=15 (full 3):
 PSYoungGen      total 334336K, used 0K [0x00000000e0980000, 0x00000000f6e00000, 0x0000000100000000)
  eden space 324096K, 0% used [0x00000000e0980000,0x00000000e0980000,0x00000000f4600000)
  from space 10240K, 0% used [0x00000000f6400000,0x00000000f6400000,0x00000000f6e00000)
  to   space 19968K, 0% used [0x00000000f4700000,0x00000000f4700000,0x00000000f5a80000)
 ParOldGen       total 93696K, used 36206K [0x00000000a1c00000, 0x00000000a7780000, 0x00000000e0980000)
  object space 93696K, 38% used [0x00000000a1c00000,0x00000000a3f5bb08,0x00000000a7780000)
 Metaspace       used 55853K, capacity 58852K, committed 59096K, reserved 1099776K
  class space    used 7948K, capacity 8444K, committed 8448K, reserved 1048576K
}
Event: 1692.260 GC heap before
{Heap before GC invocations=16 (full 3):
 PSYoungGen      total 334336K, used 112295K [0x00000000e0980000, 0x00000000f6e00000, 0x0000000100000000)
  eden space 324096K, 34% used [0x00000000e0980000,0x00000000e7729d18,0x00000000f4600000)
  from space 10240K, 0% used [0x00000000f6400000,0x00000000f6400000,0x00000000f6e00000)
  to   space 19968K, 0% used [0x00000000f4700000,0x00000000f4700000,0x00000000f5a80000)
 ParOldGen       total 93696K, used 36206K [0x00000000a1c00000, 0x00000000a7780000, 0x00000000e0980000)
  object space 93696K, 38% used [0x00000000a1c00000,0x00000000a3f5bb08,0x00000000a7780000)
 Metaspace       used 60577K, capacity 63700K, committed 63832K, reserved 1103872K
  class space    used 8537K, capacity 9081K, committed 9088K, reserved 1048576K
Event: 1692.269 GC heap after
Heap after GC invocations=16 (full 3):
 PSYoungGen      total 345088K, used 6191K [0x00000000e0980000, 0x00000000fec00000, 0x0000000100000000)
  eden space 325120K, 0% used [0x00000000e0980000,0x00000000e0980000,0x00000000f4700000)
  from space 19968K, 31% used [0x00000000f4700000,0x00000000f4d0bc18,0x00000000f5a80000)
  to   space 19456K, 0% used [0x00000000fd900000,0x00000000fd900000,0x00000000fec00000)
 ParOldGen       total 93696K, used 36214K [0x00000000a1c00000, 0x00000000a7780000, 0x00000000e0980000)
  object space 93696K, 38% used [0x00000000a1c00000,0x00000000a3f5db08,0x00000000a7780000)
 Metaspace       used 60577K, capacity 63700K, committed 63832K, reserved 1103872K
  class space    used 8537K, capacity 9081K, committed 9088K, reserved 1048576K
}
Event: 1692.269 GC heap before
{Heap before GC invocations=17 (full 4):
 PSYoungGen      total 345088K, used 6191K [0x00000000e0980000, 0x00000000fec00000, 0x0000000100000000)
  eden space 325120K, 0% used [0x00000000e0980000,0x00000000e0980000,0x00000000f4700000)
  from space 19968K, 31% used [0x00000000f4700000,0x00000000f4d0bc18,0x00000000f5a80000)
  to   space 19456K, 0% used [0x00000000fd900000,0x00000000fd900000,0x00000000fec00000)
 ParOldGen       total 93696K, used 36214K [0x00000000a1c00000, 0x00000000a7780000, 0x00000000e0980000)
  object space 93696K, 38% used [0x00000000a1c00000,0x00000000a3f5db08,0x00000000a7780000)
 Metaspace       used 60577K, capacity 63700K, committed 63832K, reserved 1103872K
  class space    used 8537K, capacity 9081K, committed 9088K, reserved 1048576K

